# JRE version: Java(TM) SE Runtime Environment (8.0_161-b12) (build 1.8.0_161-b12)
# Java VM: Java HotSpot(TM) 64-Bit Server VM (25.161-b12 mixed mode bsd-amd64 compressed oops)
Heap:
 PSYoungGen      total 76288K, used 6983K [0x000000076ab00000, 0x0000000770000000, 0x00000007c0000000)
  eden space 65536K, 10% used [0x000000076ab00000,0x000000076b1d1e38,0x000000076eb00000)
  from space 10752K, 0% used [0x000000076f580000,0x000000076f580000,0x0000000770000000)
  to   space 10752K, 0% used [0x000000076eb00000,0x000000076eb00000,0x000000076f580000)
 ParOldGen       total 84480K, used 14182K [0x00000006c0000000, 0x00000006c5280000, 0x000000076ab00000)
  object space 84480K, 16% used [0x00000006c0000000,0x00000006c0dd9bb8,0x00000006c5280000)
 Metaspace       used 20652K, capacity 20953K, committed 21504K, reserved 1069056K
  class space    used 2100K, capacity 2189K, committed 2304K, reserved 1048576K
GC Heap History (6 events):
Event: 4.236 GC heap before
{Heap before GC invocations=1 (full 0):
 PSYoungGen      total 76288K, used 65536K [0x000000076ab00000, 0x0000000770000000, 0x00000007c0000000)
  eden space 65536K, 100% used [0x000000076ab00000,0x000000076eb00000,0x000000076eb00000)
  from space 10752K, 0% used [0x000000076f580000,0x000000076f580000,0x0000000770000000)
  to   space 10752K, 0% used [0x000000076eb00000,0x000000076eb00000,0x000000076f580000)
 ParOldGen       total 175104K, used 0K [0x00000006c0000000, 0x00000006cab00000, 0x000000076ab00000)
  object space 175104K, 0% used [0x00000006c0000000,0x00000006c0000000,0x00000006cab00000)
 Metaspace       used 19528K, capacity 19841K, committed 20096K, reserved 1067008K
  class space    used 2010K, capacity 2117K, committed 2176K, reserved 1048576K
Event: 4.244 GC heap after
Heap after GC invocations=1 (full 0):
 PSYoungGen      total 76288K, used 8918K [0x000000076ab00000, 0x0000000770000000, 0x00000007c0000000)
  eden space 65536K, 0% used [0x000000076ab00000,0x000000076ab00000,0x000000076eb00000)
  from space 10752K, 82% used [0x000000076eb00000,0x000000076f3b5a88,0x000000076f580000)
  to   space 10752K, 0% used [0x000000076f580000,0x000000076f580000,0x0000000770000000)
 ParOldGen       total 175104K, used 80K [0x00000006c0000000, 0x00000006cab00000, 0x000000076ab00000)
  object space 175104K, 0% used [0x00000006c0000000,0x00000006c0014010,0x00000006cab00000)
 Metaspace       used 19528K, capacity 19841K, committed 20096K, reserved 1067008K
  class space    used 2010K, capacity 2117K, committed 2176K, reserved 1048576K
}
Event: 15.497 GC heap before
{Heap before GC invocations=2 (full 0):
 PSYoungGen      total 76288K, used 30849K [0x000000076ab00000, 0x0000000770000000, 0x00000007c0000000)
  eden space 65536K, 33% used [0x000000076ab00000,0x000000076c06ab28,0x000000076eb00000)
  from space 10752K, 82% used [0x000000076eb00000,0x000000076f3b5a88,0x000000076f580000)
  to   space 10752K, 0% used [0x000000076f580000,0x000000076f580000,0x0000000770000000)
 ParOldGen       total 175104K, used 80K [0x00000006c0000000, 0x00000006cab00000, 0x000000076ab00000)
  object space 175104K, 0% used [0x00000006c0000000,0x00000006c0014010,0x00000006cab00000)
 Metaspace       used 20554K, capacity 20885K, committed 21248K, reserved 1069056K
  class space    used 2088K, capacity 2187K, committed 2304K, reserved 1048576K
Event: 15.506 GC heap after
Heap after GC invocations=2 (full 0):
 PSYoungGen      total 76288K, used 10750K [0x000000076ab00000, 0x0000000770000000, 0x00000007c0000000)
  eden space 65536K, 0% used [0x000000076ab00000,0x000000076ab00000,0x000000076eb00000)
  from space 10752K, 99% used [0x000000076f580000,0x000000076ffffbc0,0x0000000770000000)
  to   space 10752K, 0% used [0x000000076eb00000,0x000000076eb00000,0x000000076f580000)
 ParOldGen       total 175104K, used 3508K [0x00000006c0000000, 0x00000006cab00000, 0x000000076ab00000)
  object space 175104K, 2% used [0x00000006c0000000,0x00000006c036d3e0,0x00000006cab00000)
 Metaspace       used 20554K, capacity 20885K, committed 21248K, reserved 1069056K
  class space    used 2088K, capacity 2187K, committed 2304K, reserved 1048576K
}
Event: 15.506 GC heap before
{Heap before GC invocations=3 (full 1):
 PSYoungGen      total 76288K, used 10750K [0x000000076ab00000, 0x0000000770000000, 0x00000007c0000000)
  eden space 65536K, 0% used [0x000000076ab00000,0x000000076ab00000,0x000000076eb00000)
  from space 10752K, 99% used [0x000000076f580000,0x000000076ffffbc0,0x0000000770000000)
  to   space 10752K, 0% used [0x000000076eb00000,0x000000076eb00000,0x000000076f580000)
 ParOldGen       total 175104K, used 3508K [0x00000006c0000000, 0x00000006cab00000, 0x000000076ab00000)
  object space 175104K, 2% used [0x00000006c0000000,0x00000006c036d3e0,0x00000006cab00000)
 Metaspace       used 20554K, capacity 20885K, committed 21248K, reserved 1069056K
  class space    used 2088K, capacity 2187K, committed 2304K, reserved 1048576K
Event: 15.537 GC heap after
Heap after GC invocations=3 (full 1):
 PSYoungGen      total 76288K, used 0K [0x000000076ab00000, 0x0000000770000000, 0x00000007c0000000)
  eden space 65536K, 0% used [0x000000076ab00000,0x000000076ab00000,0x000000076eb00000)
  from space 10752K, 0% used [0x000000076f580000,0x000000076f580000,0x0000000770000000)
  to   space 10752K, 0% used [0x000000076eb00000,0x000000076eb00000,0x000000076f580000)
 ParOldGen       total 84480K, used 14182K [0x00000006c0000000, 0x00000006c5280000, 0x000000076ab00000)
  object space 84480K, 16% used [0x00000006c0000000,0x00000006c0dd9bb8,0x00000006c5280000)
 Metaspace       used 20554K, capacity 20885K, committed 21248K, reserved 1069056K
  class space    used 2088K, capacity 2187K, committed 2304K, reserved 1048576K
}

