# JRE version: Java(TM) SE Runtime Environment (8.0_161-b12) (build 1.8.0_161-b12)
# Java VM: Java HotSpot(TM) 64-Bit Server VM (25.161-b12 mixed mode bsd-amd64 compressed oops)
Heap:
 PSYoungGen      total 288768K, used 288416K [0x000000076ab00000, 0x0000000781f00000, 0x00000007c0000000)
  eden space 283648K, 100% used [0x000000076ab00000,0x000000077c000000,0x000000077c000000)
  from space 5120K, 93% used [0x0000000780280000,0x0000000780728100,0x0000000780780000)
  to   space 15872K, 0% used [0x0000000780f80000,0x0000000780f80000,0x0000000781f00000)
 ParOldGen       total 120320K, used 21737K [0x00000006c0000000, 0x00000006c7580000, 0x000000076ab00000)
  object space 120320K, 18% used [0x00000006c0000000,0x00000006c153a6b8,0x00000006c7580000)
 Metaspace       used 22021K, capacity 22421K, committed 22784K, reserved 1069056K
  class space    used 2145K, capacity 2265K, committed 2304K, reserved 1048576K
GC Heap History (10 events):
Event: 17.453 GC heap before
{Heap before GC invocations=10 (full 1):
 PSYoungGen      total 261120K, used 257650K [0x000000076ab00000, 0x000000077ca00000, 0x00000007c0000000)
  eden space 252928K, 100% used [0x000000076ab00000,0x000000077a200000,0x000000077a200000)
  from space 8192K, 57% used [0x000000077c200000,0x000000077c69ca08,0x000000077ca00000)
  to   space 20480K, 0% used [0x000000077a200000,0x000000077a200000,0x000000077b600000)
 ParOldGen       total 120320K, used 21697K [0x00000006c0000000, 0x00000006c7580000, 0x000000076ab00000)
  object space 120320K, 18% used [0x00000006c0000000,0x00000006c15306b8,0x00000006c7580000)
 Metaspace       used 21618K, capacity 22033K, committed 22272K, reserved 1069056K
  class space    used 2132K, capacity 2263K, committed 2304K, reserved 1048576K
Event: 17.455 GC heap after
Heap after GC invocations=10 (full 1):
 PSYoungGen      total 273408K, used 4672K [0x000000076ab00000, 0x0000000780500000, 0x00000007c0000000)
  eden space 252928K, 0% used [0x000000076ab00000,0x000000076ab00000,0x000000077a200000)
  from space 20480K, 22% used [0x000000077a200000,0x000000077a690100,0x000000077b600000)
  to   space 19456K, 0% used [0x000000077f200000,0x000000077f200000,0x0000000780500000)
 ParOldGen       total 120320K, used 21705K [0x00000006c0000000, 0x00000006c7580000, 0x000000076ab00000)
  object space 120320K, 18% used [0x00000006c0000000,0x00000006c15326b8,0x00000006c7580000)
 Metaspace       used 21618K, capacity 22033K, committed 22272K, reserved 1069056K
  class space    used 2132K, capacity 2263K, committed 2304K, reserved 1048576K
}
Event: 21.631 GC heap before
{Heap before GC invocations=11 (full 1):
 PSYoungGen      total 273408K, used 257600K [0x000000076ab00000, 0x0000000780500000, 0x00000007c0000000)
  eden space 252928K, 100% used [0x000000076ab00000,0x000000077a200000,0x000000077a200000)
  from space 20480K, 22% used [0x000000077a200000,0x000000077a690100,0x000000077b600000)
  to   space 19456K, 0% used [0x000000077f200000,0x000000077f200000,0x0000000780500000)
 ParOldGen       total 120320K, used 21705K [0x00000006c0000000, 0x00000006c7580000, 0x000000076ab00000)
  object space 120320K, 18% used [0x00000006c0000000,0x00000006c15326b8,0x00000006c7580000)
 Metaspace       used 21838K, capacity 22225K, committed 22528K, reserved 1069056K
  class space    used 2133K, capacity 2263K, committed 2304K, reserved 1048576K
Event: 21.633 GC heap after
Heap after GC invocations=11 (full 1):
 PSYoungGen      total 315392K, used 4736K [0x000000076ab00000, 0x000000077fa80000, 0x00000007c0000000)
  eden space 306688K, 0% used [0x000000076ab00000,0x000000076ab00000,0x000000077d680000)
  from space 8704K, 54% used [0x000000077f200000,0x000000077f6a0100,0x000000077fa80000)
  to   space 18432K, 0% used [0x000000077d680000,0x000000077d680000,0x000000077e880000)
 ParOldGen       total 120320K, used 21713K [0x00000006c0000000, 0x00000006c7580000, 0x000000076ab00000)
  object space 120320K, 18% used [0x00000006c0000000,0x00000006c15346b8,0x00000006c7580000)
 Metaspace       used 21838K, capacity 22225K, committed 22528K, reserved 1069056K
  class space    used 2133K, capacity 2263K, committed 2304K, reserved 1048576K
}
Event: 26.018 GC heap before
{Heap before GC invocations=12 (full 1):
 PSYoungGen      total 315392K, used 311424K [0x000000076ab00000, 0x000000077fa80000, 0x00000007c0000000)
  eden space 306688K, 100% used [0x000000076ab00000,0x000000077d680000,0x000000077d680000)
  from space 8704K, 54% used [0x000000077f200000,0x000000077f6a0100,0x000000077fa80000)
  to   space 18432K, 0% used [0x000000077d680000,0x000000077d680000,0x000000077e880000)
 ParOldGen       total 120320K, used 21713K [0x00000006c0000000, 0x00000006c7580000, 0x000000076ab00000)
  object space 120320K, 18% used [0x00000006c0000000,0x00000006c15346b8,0x00000006c7580000)
 Metaspace       used 21890K, capacity 22289K, committed 22528K, reserved 1069056K
  class space    used 2133K, capacity 2263K, committed 2304K, reserved 1048576K
Event: 26.023 GC heap after
Heap after GC invocations=12 (full 1):
 PSYoungGen      total 325120K, used 4768K [0x000000076ab00000, 0x0000000782f80000, 0x00000007c0000000)
  eden space 306688K, 0% used [0x000000076ab00000,0x000000076ab00000,0x000000077d680000)
  from space 18432K, 25% used [0x000000077d680000,0x000000077db28100,0x000000077e880000)
  to   space 17408K, 0% used [0x0000000781e80000,0x0000000781e80000,0x0000000782f80000)
 ParOldGen       total 120320K, used 21721K [0x00000006c0000000, 0x00000006c7580000, 0x000000076ab00000)
  object space 120320K, 18% used [0x00000006c0000000,0x00000006c15366b8,0x00000006c7580000)
 Metaspace       used 21890K, capacity 22289K, committed 22528K, reserved 1069056K
  class space    used 2133K, capacity 2263K, committed 2304K, reserved 1048576K
}
Event: 32.320 GC heap before
{Heap before GC invocations=13 (full 1):
 PSYoungGen      total 325120K, used 311456K [0x000000076ab00000, 0x0000000782f80000, 0x00000007c0000000)
  eden space 306688K, 100% used [0x000000076ab00000,0x000000077d680000,0x000000077d680000)
  from space 18432K, 25% used [0x000000077d680000,0x000000077db28100,0x000000077e880000)
  to   space 17408K, 0% used [0x0000000781e80000,0x0000000781e80000,0x0000000782f80000)
 ParOldGen       total 120320K, used 21721K [0x00000006c0000000, 0x00000006c7580000, 0x000000076ab00000)
  object space 120320K, 18% used [0x00000006c0000000,0x00000006c15366b8,0x00000006c7580000)
 Metaspace       used 21957K, capacity 22353K, committed 22784K, reserved 1069056K
  class space    used 2133K, capacity 2263K, committed 2304K, reserved 1048576K
Event: 32.323 GC heap after
Heap after GC invocations=13 (full 1):
 PSYoungGen      total 300032K, used 4768K [0x000000076ab00000, 0x0000000782380000, 0x00000007c0000000)
  eden space 294912K, 0% used [0x000000076ab00000,0x000000076ab00000,0x000000077cb00000)
  from space 5120K, 93% used [0x0000000781e80000,0x0000000782328100,0x0000000782380000)
  to   space 16896K, 0% used [0x0000000780280000,0x0000000780280000,0x0000000781300000)
 ParOldGen       total 120320K, used 21729K [0x00000006c0000000, 0x00000006c7580000, 0x000000076ab00000)
  object space 120320K, 18% used [0x00000006c0000000,0x00000006c15386b8,0x00000006c7580000)
 Metaspace       used 21957K, capacity 22353K, committed 22784K, reserved 1069056K
  class space    used 2133K, capacity 2263K, committed 2304K, reserved 1048576K
}
Event: 38.685 GC heap before
{Heap before GC invocations=14 (full 1):
 PSYoungGen      total 300032K, used 299680K [0x000000076ab00000, 0x0000000782380000, 0x00000007c0000000)
  eden space 294912K, 100% used [0x000000076ab00000,0x000000077cb00000,0x000000077cb00000)
  from space 5120K, 93% used [0x0000000781e80000,0x0000000782328100,0x0000000782380000)
  to   space 16896K, 0% used [0x0000000780280000,0x0000000780280000,0x0000000781300000)
 ParOldGen       total 120320K, used 21729K [0x00000006c0000000, 0x00000006c7580000, 0x000000076ab00000)
  object space 120320K, 18% used [0x00000006c0000000,0x00000006c15386b8,0x00000006c7580000)
 Metaspace       used 21957K, capacity 22353K, committed 22784K, reserved 1069056K
  class space    used 2133K, capacity 2263K, committed 2304K, reserved 1048576K
Event: 38.689 GC heap after
Heap after GC invocations=14 (full 1):
 PSYoungGen      total 288768K, used 4768K [0x000000076ab00000, 0x0000000781f00000, 0x00000007c0000000)
  eden space 283648K, 0% used [0x000000076ab00000,0x000000076ab00000,0x000000077c000000)
  from space 5120K, 93% used [0x0000000780280000,0x0000000780728100,0x0000000780780000)
  to   space 15872K, 0% used [0x0000000780f80000,0x0000000780f80000,0x0000000781f00000)
 ParOldGen       total 120320K, used 21737K [0x00000006c0000000, 0x00000006c7580000, 0x000000076ab00000)
  object space 120320K, 18% used [0x00000006c0000000,0x00000006c153a6b8,0x00000006c7580000)
 Metaspace       used 21957K, capacity 22353K, committed 22784K, reserved 1069056K
  class space    used 2133K, capacity 2263K, committed 2304K, reserved 1048576K
}

