# JRE version: Java(TM) SE Runtime Environment (8.0_161-b12) (build 1.8.0_161-b12)
# Java VM: Java HotSpot(TM) 64-Bit Server VM (25.161-b12 mixed mode bsd-amd64 compressed oops)
Heap:
 PSYoungGen      total 76800K, used 9384K [0x000000076ab00000, 0x0000000770c00000, 0x00000007c0000000)
  eden space 57344K, 5% used [0x000000076ab00000,0x000000076ae36210,0x000000076e300000)
  from space 19456K, 31% used [0x000000076e400000,0x000000076e9f4180,0x000000076f700000)
  to   space 20992K, 0% used [0x000000076f780000,0x000000076f780000,0x0000000770c00000)
 ParOldGen       total 175104K, used 65369K [0x00000006c0000000, 0x00000006cab00000, 0x000000076ab00000)
  object space 175104K, 37% used [0x00000006c0000000,0x00000006c3fd66b8,0x00000006cab00000)
 Metaspace       used 20041K, capacity 20377K, committed 20864K, reserved 1069056K
  class space    used 1949K, capacity 2061K, committed 2176K, reserved 1048576K
GC Heap History (10 events):
Event: 18.278 GC heap before
{Heap before GC invocations=7 (full 0):
 PSYoungGen      total 79360K, used 79069K [0x000000076ab00000, 0x0000000770a80000, 0x00000007c0000000)
  eden space 62464K, 99% used [0x000000076ab00000,0x000000076e7cb0f8,0x000000076e800000)
  from space 16896K, 99% used [0x000000076fa00000,0x0000000770a6c3e0,0x0000000770a80000)
  to   space 17408K, 0% used [0x000000076e880000,0x000000076e880000,0x000000076f980000)
 ParOldGen       total 175104K, used 22686K [0x00000006c0000000, 0x00000006cab00000, 0x000000076ab00000)
  object space 175104K, 12% used [0x00000006c0000000,0x00000006c1627af0,0x00000006cab00000)
 Metaspace       used 19880K, capacity 20277K, committed 20480K, reserved 1067008K
  class space    used 1936K, capacity 2027K, committed 2048K, reserved 1048576K
Event: 18.287 GC heap after
Heap after GC invocations=7 (full 0):
 PSYoungGen      total 78848K, used 17201K [0x000000076ab00000, 0x0000000770b00000, 0x00000007c0000000)
  eden space 61440K, 0% used [0x000000076ab00000,0x000000076ab00000,0x000000076e700000)
  from space 17408K, 98% used [0x000000076e880000,0x000000076f94c430,0x000000076f980000)
  to   space 17920K, 0% used [0x000000076f980000,0x000000076f980000,0x0000000770b00000)
 ParOldGen       total 175104K, used 29455K [0x00000006c0000000, 0x00000006cab00000, 0x000000076ab00000)
  object space 175104K, 16% used [0x00000006c0000000,0x00000006c1cc3da8,0x00000006cab00000)
 Metaspace       used 19880K, capacity 20277K, committed 20480K, reserved 1067008K
  class space    used 1936K, capacity 2027K, committed 2048K, reserved 1048576K
}
Event: 21.208 GC heap before
{Heap before GC invocations=8 (full 0):
 PSYoungGen      total 78848K, used 78641K [0x000000076ab00000, 0x0000000770b00000, 0x00000007c0000000)
  eden space 61440K, 100% used [0x000000076ab00000,0x000000076e700000,0x000000076e700000)
  from space 17408K, 98% used [0x000000076e880000,0x000000076f94c430,0x000000076f980000)
  to   space 17920K, 0% used [0x000000076f980000,0x000000076f980000,0x0000000770b00000)
 ParOldGen       total 175104K, used 29455K [0x00000006c0000000, 0x00000006cab00000, 0x000000076ab00000)
  object space 175104K, 16% used [0x00000006c0000000,0x00000006c1cc3da8,0x00000006cab00000)
 Metaspace       used 19910K, capacity 20277K, committed 20480K, reserved 1067008K
  class space    used 1936K, capacity 2027K, committed 2048K, reserved 1048576K
Event: 21.213 GC heap after
Heap after GC invocations=8 (full 0):
 PSYoungGen      total 78336K, used 17713K [0x000000076ab00000, 0x0000000770b00000, 0x00000007c0000000)
  eden space 60416K, 0% used [0x000000076ab00000,0x000000076ab00000,0x000000076e600000)
  from space 17920K, 98% used [0x000000076f980000,0x0000000770acc450,0x0000000770b00000)
  to   space 18944K, 0% used [0x000000076e600000,0x000000076e600000,0x000000076f880000)
 ParOldGen       total 175104K, used 36151K [0x00000006c0000000, 0x00000006cab00000, 0x000000076ab00000)
  object space 175104K, 20% used [0x00000006c0000000,0x00000006c234df48,0x00000006cab00000)
 Metaspace       used 19910K, capacity 20277K, committed 20480K, reserved 1067008K
  class space    used 1936K, capacity 2027K, committed 2048K, reserved 1048576K
}
Event: 23.810 GC heap before
{Heap before GC invocations=9 (full 0):
 PSYoungGen      total 78336K, used 78102K [0x000000076ab00000, 0x0000000770b00000, 0x00000007c0000000)
  eden space 60416K, 99% used [0x000000076ab00000,0x000000076e5f97a8,0x000000076e600000)
  from space 17920K, 98% used [0x000000076f980000,0x0000000770acc450,0x0000000770b00000)
  to   space 18944K, 0% used [0x000000076e600000,0x000000076e600000,0x000000076f880000)
 ParOldGen       total 175104K, used 36151K [0x00000006c0000000, 0x00000006cab00000, 0x000000076ab00000)
  object space 175104K, 20% used [0x00000006c0000000,0x00000006c234df48,0x00000006cab00000)
 Metaspace       used 19920K, capacity 20277K, committed 20480K, reserved 1067008K
  class space    used 1936K, capacity 2027K, committed 2048K, reserved 1048576K
Event: 23.816 GC heap after
Heap after GC invocations=9 (full 0):
 PSYoungGen      total 77824K, used 18193K [0x000000076ab00000, 0x0000000770b00000, 0x00000007c0000000)
  eden space 59392K, 0% used [0x000000076ab00000,0x000000076ab00000,0x000000076e500000)
  from space 18432K, 98% used [0x000000076e600000,0x000000076f7c4470,0x000000076f800000)
  to   space 19456K, 0% used [0x000000076f800000,0x000000076f800000,0x0000000770b00000)
 ParOldGen       total 175104K, used 42912K [0x00000006c0000000, 0x00000006cab00000, 0x000000076ab00000)
  object space 175104K, 24% used [0x00000006c0000000,0x00000006c29e8118,0x00000006cab00000)
 Metaspace       used 19920K, capacity 20277K, committed 20480K, reserved 1067008K
  class space    used 1936K, capacity 2027K, committed 2048K, reserved 1048576K
}
Event: 26.677 GC heap before
{Heap before GC invocations=10 (full 0):
 PSYoungGen      total 77824K, used 77585K [0x000000076ab00000, 0x0000000770b00000, 0x00000007c0000000)
  eden space 59392K, 100% used [0x000000076ab00000,0x000000076e500000,0x000000076e500000)
  from space 18432K, 98% used [0x000000076e600000,0x000000076f7c4470,0x000000076f800000)
  to   space 19456K, 0% used [0x000000076f800000,0x000000076f800000,0x0000000770b00000)
 ParOldGen       total 175104K, used 42912K [0x00000006c0000000, 0x00000006cab00000, 0x000000076ab00000)
  object space 175104K, 24% used [0x00000006c0000000,0x00000006c29e8118,0x00000006cab00000)
 Metaspace       used 19953K, capacity 20341K, committed 20736K, reserved 1069056K
  class space    used 1936K, capacity 2027K, committed 2048K, reserved 1048576K
Event: 26.684 GC heap after
Heap after GC invocations=10 (full 0):
 PSYoungGen      total 76800K, used 13968K [0x000000076ab00000, 0x0000000770a00000, 0x00000007c0000000)
  eden space 58368K, 0% used [0x000000076ab00000,0x000000076ab00000,0x000000076e400000)
  from space 18432K, 75% used [0x000000076f800000,0x00000007705a43a0,0x0000000770a00000)
  to   space 19456K, 0% used [0x000000076e400000,0x000000076e400000,0x000000076f700000)
 ParOldGen       total 175104K, used 52712K [0x00000006c0000000, 0x00000006cab00000, 0x000000076ab00000)
  object space 175104K, 30% used [0x00000006c0000000,0x00000006c337a378,0x00000006cab00000)
 Metaspace       used 19953K, capacity 20341K, committed 20736K, reserved 1069056K
  class space    used 1936K, capacity 2027K, committed 2048K, reserved 1048576K
}
Event: 28.030 GC heap before
{Heap before GC invocations=11 (full 0):
 PSYoungGen      total 76800K, used 72331K [0x000000076ab00000, 0x0000000770a00000, 0x00000007c0000000)
  eden space 58368K, 99% used [0x000000076ab00000,0x000000076e3fe8a8,0x000000076e400000)
  from space 18432K, 75% used [0x000000076f800000,0x00000007705a43a0,0x0000000770a00000)
  to   space 19456K, 0% used [0x000000076e400000,0x000000076e400000,0x000000076f700000)
 ParOldGen       total 175104K, used 52712K [0x00000006c0000000, 0x00000006cab00000, 0x000000076ab00000)
  object space 175104K, 30% used [0x00000006c0000000,0x00000006c337a378,0x00000006cab00000)
 Metaspace       used 19978K, capacity 20341K, committed 20736K, reserved 1069056K
  class space    used 1936K, capacity 2027K, committed 2048K, reserved 1048576K
Event: 28.036 GC heap after
Heap after GC invocations=11 (full 0):
 PSYoungGen      total 76800K, used 6096K [0x000000076ab00000, 0x0000000770c00000, 0x00000007c0000000)
  eden space 57344K, 0% used [0x000000076ab00000,0x000000076ab00000,0x000000076e300000)
  from space 19456K, 31% used [0x000000076e400000,0x000000076e9f4180,0x000000076f700000)
  to   space 20992K, 0% used [0x000000076f780000,0x000000076f780000,0x0000000770c00000)
 ParOldGen       total 175104K, used 65369K [0x00000006c0000000, 0x00000006cab00000, 0x000000076ab00000)
  object space 175104K, 37% used [0x00000006c0000000,0x00000006c3fd66b8,0x00000006cab00000)
 Metaspace       used 19978K, capacity 20341K, committed 20736K, reserved 1069056K
  class space    used 1936K, capacity 2027K, committed 2048K, reserved 1048576K
}

