# JRE version: Java(TM) SE Runtime Environment (8.0_161-b12) (build 1.8.0_161-b12)
# Java VM: Java HotSpot(TM) 64-Bit Server VM (25.161-b12 mixed mode bsd-amd64 compressed oops)
Heap:
 PSYoungGen      total 78848K, used 64914K [0x000000076ab00000, 0x0000000770f80000, 0x00000007c0000000)
  eden space 56832K, 99% used [0x000000076ab00000,0x000000076e234760,0x000000076e280000)
  from space 22016K, 38% used [0x000000076e380000,0x000000076ebb0200,0x000000076f900000)
  to   space 23040K, 0% used [0x000000076f900000,0x000000076f900000,0x0000000770f80000)
 ParOldGen       total 175104K, used 66479K [0x00000006c0000000, 0x00000006cab00000, 0x000000076ab00000)
  object space 175104K, 37% used [0x00000006c0000000,0x00000006c40ebf10,0x00000006cab00000)
 Metaspace       used 20010K, capacity 20381K, committed 20864K, reserved 1069056K
  class space    used 1947K, capacity 2061K, committed 2176K, reserved 1048576K
GC Heap History (10 events):
Event: 39.123 GC heap before
{Heap before GC invocations=7 (full 0):
 PSYoungGen      total 80896K, used 80561K [0x000000076ab00000, 0x0000000770e00000, 0x00000007c0000000)
  eden space 62464K, 99% used [0x000000076ab00000,0x000000076e7dade0,0x000000076e800000)
  from space 18432K, 98% used [0x000000076fb80000,0x0000000770d517e0,0x0000000770d80000)
  to   space 19456K, 0% used [0x000000076e800000,0x000000076e800000,0x000000076fb00000)
 ParOldGen       total 175104K, used 22248K [0x00000006c0000000, 0x00000006cab00000, 0x000000076ab00000)
  object space 175104K, 12% used [0x00000006c0000000,0x00000006c15ba328,0x00000006cab00000)
 Metaspace       used 19814K, capacity 20153K, committed 20480K, reserved 1067008K
  class space    used 1932K, capacity 2027K, committed 2048K, reserved 1048576K
Event: 39.132 GC heap after
Heap after GC invocations=7 (full 0):
 PSYoungGen      total 79360K, used 17697K [0x000000076ab00000, 0x0000000770e00000, 0x00000007c0000000)
  eden space 61440K, 0% used [0x000000076ab00000,0x000000076ab00000,0x000000076e700000)
  from space 17920K, 98% used [0x000000076e800000,0x000000076f948480,0x000000076f980000)
  to   space 19968K, 0% used [0x000000076fa80000,0x000000076fa80000,0x0000000770e00000)
 ParOldGen       total 175104K, used 29680K [0x00000006c0000000, 0x00000006cab00000, 0x000000076ab00000)
  object space 175104K, 16% used [0x00000006c0000000,0x00000006c1cfc298,0x00000006cab00000)
 Metaspace       used 19814K, capacity 20153K, committed 20480K, reserved 1067008K
  class space    used 1932K, capacity 2027K, committed 2048K, reserved 1048576K
}
Event: 41.613 GC heap before
{Heap before GC invocations=8 (full 0):
 PSYoungGen      total 79360K, used 79137K [0x000000076ab00000, 0x0000000770e00000, 0x00000007c0000000)
  eden space 61440K, 100% used [0x000000076ab00000,0x000000076e700000,0x000000076e700000)
  from space 17920K, 98% used [0x000000076e800000,0x000000076f948480,0x000000076f980000)
  to   space 19968K, 0% used [0x000000076fa80000,0x000000076fa80000,0x0000000770e00000)
 ParOldGen       total 175104K, used 29938K [0x00000006c0000000, 0x00000006cab00000, 0x000000076ab00000)
  object space 175104K, 17% used [0x00000006c0000000,0x00000006c1d3cb58,0x00000006cab00000)
 Metaspace       used 19842K, capacity 20217K, committed 20480K, reserved 1067008K
  class space    used 1932K, capacity 2027K, committed 2048K, reserved 1048576K
Event: 41.619 GC heap after
Heap after GC invocations=8 (full 0):
 PSYoungGen      total 79872K, used 19857K [0x000000076ab00000, 0x0000000771000000, 0x00000007c0000000)
  eden space 59904K, 0% used [0x000000076ab00000,0x000000076ab00000,0x000000076e580000)
  from space 19968K, 99% used [0x000000076fa80000,0x0000000770de4520,0x0000000770e00000)
  to   space 21504K, 0% used [0x000000076e580000,0x000000076e580000,0x000000076fa80000)
 ParOldGen       total 175104K, used 34099K [0x00000006c0000000, 0x00000006cab00000, 0x000000076ab00000)
  object space 175104K, 19% used [0x00000006c0000000,0x00000006c214cc58,0x00000006cab00000)
 Metaspace       used 19842K, capacity 20217K, committed 20480K, reserved 1067008K
  class space    used 1932K, capacity 2027K, committed 2048K, reserved 1048576K
}
Event: 43.937 GC heap before
{Heap before GC invocations=9 (full 0):
 PSYoungGen      total 79872K, used 79761K [0x000000076ab00000, 0x0000000771000000, 0x00000007c0000000)
  eden space 59904K, 100% used [0x000000076ab00000,0x000000076e580000,0x000000076e580000)
  from space 19968K, 99% used [0x000000076fa80000,0x0000000770de4520,0x0000000770e00000)
  to   space 21504K, 0% used [0x000000076e580000,0x000000076e580000,0x000000076fa80000)
 ParOldGen       total 175104K, used 34100K [0x00000006c0000000, 0x00000006cab00000, 0x000000076ab00000)
  object space 175104K, 19% used [0x00000006c0000000,0x00000006c214d090,0x00000006cab00000)
 Metaspace       used 19863K, capacity 20217K, committed 20480K, reserved 1067008K
  class space    used 1934K, capacity 2027K, committed 2048K, reserved 1048576K
Event: 43.942 GC heap after
Heap after GC invocations=9 (full 0):
 PSYoungGen      total 78848K, used 19825K [0x000000076ab00000, 0x0000000770f80000, 0x00000007c0000000)
  eden space 58880K, 0% used [0x000000076ab00000,0x000000076ab00000,0x000000076e480000)
  from space 19968K, 99% used [0x000000076e580000,0x000000076f8dc4d0,0x000000076f900000)
  to   space 22016K, 0% used [0x000000076fa00000,0x000000076fa00000,0x0000000770f80000)
 ParOldGen       total 175104K, used 41620K [0x00000006c0000000, 0x00000006cab00000, 0x000000076ab00000)
  object space 175104K, 23% used [0x00000006c0000000,0x00000006c28a53d0,0x00000006cab00000)
 Metaspace       used 19863K, capacity 20217K, committed 20480K, reserved 1067008K
  class space    used 1934K, capacity 2027K, committed 2048K, reserved 1048576K
}
Event: 47.713 GC heap before
{Heap before GC invocations=10 (full 0):
 PSYoungGen      total 78848K, used 78705K [0x000000076ab00000, 0x0000000770f80000, 0x00000007c0000000)
  eden space 58880K, 100% used [0x000000076ab00000,0x000000076e480000,0x000000076e480000)
  from space 19968K, 99% used [0x000000076e580000,0x000000076f8dc4d0,0x000000076f900000)
  to   space 22016K, 0% used [0x000000076fa00000,0x000000076fa00000,0x0000000770f80000)
 ParOldGen       total 175104K, used 41878K [0x00000006c0000000, 0x00000006cab00000, 0x000000076ab00000)
  object space 175104K, 23% used [0x00000006c0000000,0x00000006c28e5be0,0x00000006cab00000)
 Metaspace       used 19906K, capacity 20281K, committed 20480K, reserved 1067008K
  class space    used 1935K, capacity 2027K, committed 2048K, reserved 1048576K
Event: 47.722 GC heap after
Heap after GC invocations=10 (full 0):
 PSYoungGen      total 78848K, used 14064K [0x000000076ab00000, 0x0000000770e80000, 0x00000007c0000000)
  eden space 57856K, 0% used [0x000000076ab00000,0x000000076ab00000,0x000000076e380000)
  from space 20992K, 67% used [0x000000076fa00000,0x00000007707bc370,0x0000000770e80000)
  to   space 22016K, 0% used [0x000000076e380000,0x000000076e380000,0x000000076f900000)
 ParOldGen       total 175104K, used 53047K [0x00000006c0000000, 0x00000006cab00000, 0x000000076ab00000)
  object space 175104K, 30% used [0x00000006c0000000,0x00000006c33cdf20,0x00000006cab00000)
 Metaspace       used 19906K, capacity 20281K, committed 20480K, reserved 1067008K
  class space    used 1935K, capacity 2027K, committed 2048K, reserved 1048576K
}
Event: 50.148 GC heap before
{Heap before GC invocations=11 (full 0):
 PSYoungGen      total 78848K, used 71920K [0x000000076ab00000, 0x0000000770e80000, 0x00000007c0000000)
  eden space 57856K, 100% used [0x000000076ab00000,0x000000076e380000,0x000000076e380000)
  from space 20992K, 67% used [0x000000076fa00000,0x00000007707bc370,0x0000000770e80000)
  to   space 22016K, 0% used [0x000000076e380000,0x000000076e380000,0x000000076f900000)
 ParOldGen       total 175104K, used 53047K [0x00000006c0000000, 0x00000006cab00000, 0x000000076ab00000)
  object space 175104K, 30% used [0x00000006c0000000,0x00000006c33cdf20,0x00000006cab00000)
 Metaspace       used 19937K, capacity 20281K, committed 20480K, reserved 1067008K
  class space    used 1935K, capacity 2027K, committed 2048K, reserved 1048576K
Event: 50.156 GC heap after
Heap after GC invocations=11 (full 0):
 PSYoungGen      total 78848K, used 8384K [0x000000076ab00000, 0x0000000770f80000, 0x00000007c0000000)
  eden space 56832K, 0% used [0x000000076ab00000,0x000000076ab00000,0x000000076e280000)
  from space 22016K, 38% used [0x000000076e380000,0x000000076ebb0200,0x000000076f900000)
  to   space 23040K, 0% used [0x000000076f900000,0x000000076f900000,0x0000000770f80000)
 ParOldGen       total 175104K, used 66479K [0x00000006c0000000, 0x00000006cab00000, 0x000000076ab00000)
  object space 175104K, 37% used [0x00000006c0000000,0x00000006c40ebf10,0x00000006cab00000)
 Metaspace       used 19937K, capacity 20281K, committed 20480K, reserved 1067008K
  class space    used 1935K, capacity 2027K, committed 2048K, reserved 1048576K
}

